<?xml version="1.0" encoding="UTF-8"?>
<coverage generated="1589118726068" clover="3.2.0">
  <project timestamp="1589118726068" name="All files">
    <metrics statements="28" coveredstatements="22" conditionals="18" coveredconditionals="10" methods="9" coveredmethods="8" elements="55" coveredelements="40" complexity="0" loc="28" ncloc="28" packages="1" files="1" classes="1"/>
    <file name="FeedsList.js" path="C:\Users\rahul.sharma\Documents\Code\news_feed\src\compoenents\FeedList\FeedsList.js">
      <metrics statements="28" coveredstatements="22" conditionals="18" coveredconditionals="10" methods="9" coveredmethods="8"/>
      <line num="5" count="1" type="stmt"/>
      <line num="12" count="1" type="stmt"/>
      <line num="15" count="0" type="stmt"/>
      <line num="18" count="2" type="stmt"/>
      <line num="19" count="2" type="cond" truecount="2" falsecount="0"/>
      <line num="20" count="1" type="stmt"/>
      <line num="21" count="1" type="stmt"/>
      <line num="22" count="1" type="cond" truecount="1" falsecount="1"/>
      <line num="23" count="0" type="cond" truecount="0" falsecount="2"/>
      <line num="24" count="0" type="stmt"/>
      <line num="26" count="0" type="stmt"/>
      <line num="27" count="1" type="cond" truecount="1" falsecount="1"/>
      <line num="28" count="1" type="stmt"/>
      <line num="30" count="1" type="stmt"/>
      <line num="32" count="1" type="stmt"/>
      <line num="33" count="1" type="cond" truecount="1" falsecount="1"/>
      <line num="34" count="1" type="stmt"/>
      <line num="35" count="0" type="cond" truecount="0" falsecount="2"/>
      <line num="36" count="0" type="stmt"/>
      <line num="38" count="1" type="stmt"/>
      <line num="40" count="2" type="stmt"/>
      <line num="43" count="1" type="stmt"/>
      <line num="54" count="1" type="stmt"/>
      <line num="55" count="1" type="stmt"/>
      <line num="68" count="1" type="stmt"/>
      <line num="77" count="1" type="stmt"/>
      <line num="90" count="1" type="stmt"/>
      <line num="106" count="1" type="stmt"/>
    </file>
  </project>
</coverage>
