{"C:\\Users\\rahul.sharma\\Documents\\Code\\news_feed\\src\\compoenents\\FeedList\\FeedsList.js": {"path":"C:\\Users\\rahul.sharma\\Documents\\Code\\news_feed\\src\\compoenents\\FeedList\\FeedsList.js","statementMap":{"0":{"start":{"line":5,"column":29},"end":{"line":8,"column":1}},"1":{"start":{"line":12,"column":4},"end":{"line":12,"column":17}},"2":{"start":{"line":15,"column":4},"end":{"line":15,"column":49}},"3":{"start":{"line":18,"column":29},"end":{"line":18,"column":64}},"4":{"start":{"line":19,"column":4},"end":{"line":39,"column":5}},"5":{"start":{"line":20,"column":28},"end":{"line":20,"column":56}},"6":{"start":{"line":21,"column":25},"end":{"line":21,"column":54}},"7":{"start":{"line":22,"column":6},"end":{"line":29,"column":7}},"8":{"start":{"line":23,"column":8},"end":{"line":25,"column":9}},"9":{"start":{"line":24,"column":10},"end":{"line":24,"column":23}},"10":{"start":{"line":26,"column":8},"end":{"line":26,"column":45}},"11":{"start":{"line":27,"column":13},"end":{"line":29,"column":7}},"12":{"start":{"line":28,"column":8},"end":{"line":28,"column":39}},"13":{"start":{"line":30,"column":6},"end":{"line":30,"column":73}},"14":{"start":{"line":32,"column":25},"end":{"line":32,"column":27}},"15":{"start":{"line":33,"column":6},"end":{"line":37,"column":7}},"16":{"start":{"line":34,"column":8},"end":{"line":34,"column":29}},"17":{"start":{"line":35,"column":13},"end":{"line":37,"column":7}},"18":{"start":{"line":36,"column":8},"end":{"line":36,"column":36}},"19":{"start":{"line":38,"column":6},"end":{"line":38,"column":70}},"20":{"start":{"line":40,"column":4},"end":{"line":40,"column":45}},"21":{"start":{"line":43,"column":4},"end":{"line":51,"column":6}},"22":{"start":{"line":54,"column":28},"end":{"line":54,"column":38}},"23":{"start":{"line":55,"column":4},"end":{"line":102,"column":6}},"24":{"start":{"line":68,"column":14},"end":{"line":98,"column":16}},"25":{"start":{"line":77,"column":28},"end":{"line":77,"column":77}},"26":{"start":{"line":90,"column":26},"end":{"line":90,"column":73}},"27":{"start":{"line":106,"column":4},"end":{"line":111,"column":6}}},"fnMap":{"0":{"name":"(anonymous_0)","decl":{"start":{"line":11,"column":2},"end":{"line":11,"column":3}},"loc":{"start":{"line":11,"column":21},"end":{"line":13,"column":3}},"line":11},"1":{"name":"(anonymous_1)","decl":{"start":{"line":14,"column":2},"end":{"line":14,"column":3}},"loc":{"start":{"line":14,"column":23},"end":{"line":16,"column":3}},"line":14},"2":{"name":"(anonymous_2)","decl":{"start":{"line":17,"column":2},"end":{"line":17,"column":3}},"loc":{"start":{"line":17,"column":33},"end":{"line":41,"column":3}},"line":17},"3":{"name":"(anonymous_3)","decl":{"start":{"line":42,"column":2},"end":{"line":42,"column":3}},"loc":{"start":{"line":42,"column":17},"end":{"line":52,"column":3}},"line":42},"4":{"name":"(anonymous_4)","decl":{"start":{"line":53,"column":2},"end":{"line":53,"column":3}},"loc":{"start":{"line":53,"column":18},"end":{"line":103,"column":3}},"line":53},"5":{"name":"(anonymous_5)","decl":{"start":{"line":59,"column":12},"end":{"line":59,"column":13}},"loc":{"start":{"line":67,"column":18},"end":{"line":99,"column":13}},"line":67},"6":{"name":"(anonymous_6)","decl":{"start":{"line":76,"column":35},"end":{"line":76,"column":36}},"loc":{"start":{"line":77,"column":28},"end":{"line":77,"column":77}},"line":77},"7":{"name":"(anonymous_7)","decl":{"start":{"line":89,"column":33},"end":{"line":89,"column":34}},"loc":{"start":{"line":90,"column":26},"end":{"line":90,"column":73}},"line":90},"8":{"name":"(anonymous_8)","decl":{"start":{"line":105,"column":2},"end":{"line":105,"column":3}},"loc":{"start":{"line":105,"column":11},"end":{"line":112,"column":3}},"line":105}},"branchMap":{"0":{"loc":{"start":{"line":19,"column":4},"end":{"line":39,"column":5}},"type":"if","locations":[{"start":{"line":19,"column":4},"end":{"line":39,"column":5}},{"start":{"line":19,"column":4},"end":{"line":39,"column":5}}],"line":19},"1":{"loc":{"start":{"line":22,"column":6},"end":{"line":29,"column":7}},"type":"if","locations":[{"start":{"line":22,"column":6},"end":{"line":29,"column":7}},{"start":{"line":22,"column":6},"end":{"line":29,"column":7}}],"line":22},"2":{"loc":{"start":{"line":23,"column":8},"end":{"line":25,"column":9}},"type":"if","locations":[{"start":{"line":23,"column":8},"end":{"line":25,"column":9}},{"start":{"line":23,"column":8},"end":{"line":25,"column":9}}],"line":23},"3":{"loc":{"start":{"line":27,"column":13},"end":{"line":29,"column":7}},"type":"if","locations":[{"start":{"line":27,"column":13},"end":{"line":29,"column":7}},{"start":{"line":27,"column":13},"end":{"line":29,"column":7}}],"line":27},"4":{"loc":{"start":{"line":33,"column":6},"end":{"line":37,"column":7}},"type":"if","locations":[{"start":{"line":33,"column":6},"end":{"line":37,"column":7}},{"start":{"line":33,"column":6},"end":{"line":37,"column":7}}],"line":33},"5":{"loc":{"start":{"line":35,"column":13},"end":{"line":37,"column":7}},"type":"if","locations":[{"start":{"line":35,"column":13},"end":{"line":37,"column":7}},{"start":{"line":35,"column":13},"end":{"line":37,"column":7}}],"line":35},"6":{"loc":{"start":{"line":57,"column":9},"end":{"line":100,"column":11}},"type":"binary-expr","locations":[{"start":{"line":57,"column":9},"end":{"line":57,"column":20}},{"start":{"line":58,"column":10},"end":{"line":100,"column":11}}],"line":57},"7":{"loc":{"start":{"line":70,"column":19},"end":{"line":96,"column":19}},"type":"binary-expr","locations":[{"start":{"line":70,"column":19},"end":{"line":70,"column":42}},{"start":{"line":71,"column":20},"end":{"line":95,"column":26}}],"line":70},"8":{"loc":{"start":{"line":75,"column":37},"end":{"line":75,"column":74}},"type":"cond-expr","locations":[{"start":{"line":75,"column":49},"end":{"line":75,"column":63}},{"start":{"line":75,"column":66},"end":{"line":75,"column":74}}],"line":75}},"s":{"0":1,"1":1,"2":0,"3":2,"4":2,"5":1,"6":1,"7":1,"8":0,"9":0,"10":0,"11":1,"12":1,"13":1,"14":1,"15":1,"16":1,"17":0,"18":0,"19":1,"20":2,"21":1,"22":1,"23":1,"24":1,"25":1,"26":1,"27":1},"f":{"0":1,"1":0,"2":2,"3":1,"4":1,"5":1,"6":1,"7":1,"8":1},"b":{"0":[1,1],"1":[0,1],"2":[0,0],"3":[1,0],"4":[1,0],"5":[0,0],"6":[1,1],"7":[1,1],"8":[0,1]},"_coverageSchema":"1a1c01bbd47fc00a2c39e90264f33305004495a9","hash":"22bf2c7c4028d24df58e6bd667a2fb9ddf3c196f"}
}
