TN:
SF:src\compoenents\FeedList\FeedsList.js
FN:11,(anonymous_0)
FN:14,(anonymous_1)
FN:17,(anonymous_2)
FN:42,(anonymous_3)
FN:53,(anonymous_4)
FN:59,(anonymous_5)
FN:76,(anonymous_6)
FN:89,(anonymous_7)
FN:105,(anonymous_8)
FNF:9
FNH:8
FNDA:1,(anonymous_0)
FNDA:0,(anonymous_1)
FNDA:2,(anonymous_2)
FNDA:1,(anonymous_3)
FNDA:1,(anonymous_4)
FNDA:1,(anonymous_5)
FNDA:1,(anonymous_6)
FNDA:1,(anonymous_7)
FNDA:1,(anonymous_8)
DA:5,1
DA:12,1
DA:15,0
DA:18,2
DA:19,2
DA:20,1
DA:21,1
DA:22,1
DA:23,0
DA:24,0
DA:26,0
DA:27,1
DA:28,1
DA:30,1
DA:32,1
DA:33,1
DA:34,1
DA:35,0
DA:36,0
DA:38,1
DA:40,2
DA:43,1
DA:54,1
DA:55,1
DA:68,1
DA:77,1
DA:90,1
DA:106,1
LF:28
LH:22
BRDA:19,0,0,1
BRDA:19,0,1,1
BRDA:22,1,0,0
BRDA:22,1,1,1
BRDA:23,2,0,0
BRDA:23,2,1,0
BRDA:27,3,0,1
BRDA:27,3,1,0
BRDA:33,4,0,1
BRDA:33,4,1,0
BRDA:35,5,0,0
BRDA:35,5,1,0
BRDA:57,6,0,1
BRDA:57,6,1,1
BRDA:70,7,0,1
BRDA:70,7,1,1
BRDA:75,8,0,0
BRDA:75,8,1,1
BRF:18
BRH:10
end_of_record
